<?xml version="1.0" encoding="UTF-8"?>
<testsuite name="JUnit Jupiter" tests="8" skipped="0" failures="0" errors="0" time="0.141" hostname="W331AU" timestamp="2018-06-29T20:47:48">
<properties>
<property name="awt.toolkit" value="sun.awt.X11.XToolkit"/>
<property name="file.encoding" value="UTF-8"/>
<property name="file.encoding.pkg" value="sun.io"/>
<property name="file.separator" value="/"/>
<property name="java.awt.graphicsenv" value="sun.awt.X11GraphicsEnvironment"/>
<property name="java.awt.printerjob" value="sun.print.PSPrinterJob"/>
<property name="java.class.path" value="/home/ubuntu/git/tdd-practice/build/classes/java/test:/home/ubuntu/git/tdd-practice/build/resources/test:/home/ubuntu/git/tdd-practice/build/classes/java/main:/home/ubuntu/git/tdd-practice/build/resources/main:/home/ubuntu/.gradle/caches/modules-2/files-2.1/org.junit.jupiter/junit-jupiter-engine/5.0.1/e22d2bf87f43fb03fee14dea447b2a14f41b095f/junit-jupiter-engine-5.0.1.jar:/home/ubuntu/.gradle/caches/modules-2/files-2.1/org.junit.jupiter/junit-jupiter-api/5.0.1/30fbf4448c594cb45d8e91630d6bb7f465906b88/junit-jupiter-api-5.0.1.jar:/home/ubuntu/.gradle/caches/modules-2/files-2.1/org.junit.vintage/junit-vintage-engine/4.12.1/9ebffc203c5acb51450e34b38b91067f0b4e7e6c/junit-vintage-engine-4.12.1.jar:/home/ubuntu/.gradle/caches/modules-2/files-2.1/junit/junit/4.12/2973d150c0dc1fefe998f834810d68f278ea58ec/junit-4.12.jar:/home/ubuntu/.gradle/caches/modules-2/files-2.1/org.apache.logging.log4j/log4j-core/2.9.0/52f6548ae1688e126c29b5dc400929dc0128615/log4j-core-2.9.0.jar:/home/ubuntu/.gradle/caches/modules-2/files-2.1/org.apache.logging.log4j/log4j-jul/2.9.0/42fcf24286676172f2cf4665a6bdf23e1fbf6bae/log4j-jul-2.9.0.jar:/home/ubuntu/.gradle/caches/modules-2/files-2.1/org.junit.platform/junit-platform-launcher/1.0.1/5562631a34e4eefefdad04cdd49a50774d6ac777/junit-platform-launcher-1.0.1.jar:/home/ubuntu/.gradle/caches/modules-2/files-2.1/org.junit.platform/junit-platform-engine/1.0.1/4ce0a37866312c18ea3f45818f2faec077e46e0/junit-platform-engine-1.0.1.jar:/home/ubuntu/.gradle/caches/modules-2/files-2.1/org.opentest4j/opentest4j/1.0.0/6f09c598e9ff64bf0ce2fa7e7de49a99ba83c0b4/opentest4j-1.0.0.jar:/home/ubuntu/.gradle/caches/modules-2/files-2.1/org.junit.platform/junit-platform-commons/1.0.1/3632e4a74a43d3ae8d29e6fa172cbc29590bda03/junit-platform-commons-1.0.1.jar:/home/ubuntu/.gradle/caches/modules-2/files-2.1/org.hamcrest/hamcrest-core/1.3/42a25dc3219429f0e5d060061f71acb49bf010a0/hamcrest-core-1.3.jar:/home/ubuntu/.gradle/caches/modules-2/files-2.1/org.apache.logging.log4j/log4j-api/2.9.0/e0dcd508dfc4864a2f5a1963d6ffad170d970375/log4j-api-2.9.0.jar:/home/ubuntu/.gradle/caches/modules-2/files-2.1/org.junit.platform/junit-platform-console/1.0.1/3892e08f30d92a88addc73f3a5f9575be864cec/junit-platform-console-1.0.1.jar"/>
<property name="java.class.version" value="52.0"/>
<property name="java.endorsed.dirs" value="/opt/jdk1.8.0_144/jre/lib/endorsed"/>
<property name="java.ext.dirs" value="/opt/jdk1.8.0_144/jre/lib/ext:/usr/java/packages/lib/ext"/>
<property name="java.home" value="/opt/jdk1.8.0_144/jre"/>
<property name="java.io.tmpdir" value="/tmp"/>
<property name="java.library.path" value="/usr/java/packages/lib/amd64:/usr/lib64:/lib64:/lib:/usr/lib"/>
<property name="java.runtime.name" value="Java(TM) SE Runtime Environment"/>
<property name="java.runtime.version" value="1.8.0_144-b01"/>
<property name="java.specification.name" value="Java Platform API Specification"/>
<property name="java.specification.vendor" value="Oracle Corporation"/>
<property name="java.specification.version" value="1.8"/>
<property name="java.vendor" value="Oracle Corporation"/>
<property name="java.vendor.url" value="http://java.oracle.com/"/>
<property name="java.vendor.url.bug" value="http://bugreport.sun.com/bugreport/"/>
<property name="java.version" value="1.8.0_144"/>
<property name="java.vm.info" value="mixed mode"/>
<property name="java.vm.name" value="Java HotSpot(TM) 64-Bit Server VM"/>
<property name="java.vm.specification.name" value="Java Virtual Machine Specification"/>
<property name="java.vm.specification.vendor" value="Oracle Corporation"/>
<property name="java.vm.specification.version" value="1.8"/>
<property name="java.vm.vendor" value="Oracle Corporation"/>
<property name="java.vm.version" value="25.144-b01"/>
<property name="line.separator" value="
"/>
<property name="os.arch" value="amd64"/>
<property name="os.name" value="Linux"/>
<property name="os.version" value="4.13.0-45-generic"/>
<property name="path.separator" value=":"/>
<property name="sun.arch.data.model" value="64"/>
<property name="sun.boot.class.path" value="/opt/jdk1.8.0_144/jre/lib/resources.jar:/opt/jdk1.8.0_144/jre/lib/rt.jar:/opt/jdk1.8.0_144/jre/lib/sunrsasign.jar:/opt/jdk1.8.0_144/jre/lib/jsse.jar:/opt/jdk1.8.0_144/jre/lib/jce.jar:/opt/jdk1.8.0_144/jre/lib/charsets.jar:/opt/jdk1.8.0_144/jre/lib/jfr.jar:/opt/jdk1.8.0_144/jre/classes"/>
<property name="sun.boot.library.path" value="/opt/jdk1.8.0_144/jre/lib/amd64"/>
<property name="sun.cpu.endian" value="little"/>
<property name="sun.cpu.isalist" value=""/>
<property name="sun.desktop" value="gnome"/>
<property name="sun.io.unicode.encoding" value="UnicodeLittle"/>
<property name="sun.java.command" value="org.junit.platform.console.ConsoleLauncher --details NONE --scan-class-path /home/ubuntu/git/tdd-practice/build/classes/java/main:/home/ubuntu/git/tdd-practice/build/resources/main:/home/ubuntu/git/tdd-practice/build/classes/java/test:/home/ubuntu/git/tdd-practice/build/resources/test -n ^.*Tests?$ -T slow --reports-dir /home/ubuntu/git/tdd-practice/build/test-results/junit-platform"/>
<property name="sun.java.launcher" value="SUN_STANDARD"/>
<property name="sun.jnu.encoding" value="UTF-8"/>
<property name="sun.management.compiler" value="HotSpot 64-Bit Tiered Compilers"/>
<property name="sun.os.patch.level" value="unknown"/>
<property name="user.country" value="US"/>
<property name="user.dir" value="/home/ubuntu/git/tdd-practice"/>
<property name="user.home" value="/home/ubuntu"/>
<property name="user.language" value="en"/>
<property name="user.name" value="ubuntu"/>
<property name="user.timezone" value="Asia/Tokyo"/>
<property name="user.variant" value=""/>
</properties>
<testcase name="testReduceSum()" classname="money.MoneyTest" time="0.02">
<system-out><![CDATA[
unique-id: [engine:junit-jupiter]/[class:money.MoneyTest]/[method:testReduceSum()]
display-name: testReduceSum()
]]></system-out>
</testcase>
<testcase name="testSimpleAddition()" classname="money.MoneyTest" time="0.005">
<system-out><![CDATA[
unique-id: [engine:junit-jupiter]/[class:money.MoneyTest]/[method:testSimpleAddition()]
display-name: testSimpleAddition()
]]></system-out>
</testcase>
<testcase name="testMultiplication()" classname="money.MoneyTest" time="0.001">
<system-out><![CDATA[
unique-id: [engine:junit-jupiter]/[class:money.MoneyTest]/[method:testMultiplication()]
display-name: testMultiplication()
]]></system-out>
</testcase>
<testcase name="testReduceMoney()" classname="money.MoneyTest" time="0.001">
<system-out><![CDATA[
unique-id: [engine:junit-jupiter]/[class:money.MoneyTest]/[method:testReduceMoney()]
display-name: testReduceMoney()
]]></system-out>
</testcase>
<testcase name="testCurrency()" classname="money.MoneyTest" time="0.001">
<system-out><![CDATA[
unique-id: [engine:junit-jupiter]/[class:money.MoneyTest]/[method:testCurrency()]
display-name: testCurrency()
]]></system-out>
</testcase>
<testcase name="testEquality()" classname="money.MoneyTest" time="0.004">
<system-out><![CDATA[
unique-id: [engine:junit-jupiter]/[class:money.MoneyTest]/[method:testEquality()]
display-name: testEquality()
]]></system-out>
</testcase>
<testcase name="testPlusReturnsSum()" classname="money.MoneyTest" time="0.001">
<system-out><![CDATA[
unique-id: [engine:junit-jupiter]/[class:money.MoneyTest]/[method:testPlusReturnsSum()]
display-name: testPlusReturnsSum()
]]></system-out>
</testcase>
<testcase name="testReduceMoneyDifferentCurrency()" classname="money.MoneyTest" time="0.001">
<system-out><![CDATA[
unique-id: [engine:junit-jupiter]/[class:money.MoneyTest]/[method:testReduceMoneyDifferentCurrency()]
display-name: testReduceMoneyDifferentCurrency()
]]></system-out>
</testcase>
<system-out><![CDATA[
unique-id: [engine:junit-jupiter]
display-name: JUnit Jupiter
]]></system-out>
</testsuite>
